SF:lib/features/auth/data/models/user_list_response.dart
DA:9,0
DA:10,0
DA:11,0
DA:13,0
DA:14,0
DA:17,1
DA:37,0
DA:38,0
DA:39,0
DA:40,0
DA:41,0
DA:42,0
DA:44,0
DA:45,0
DA:46,0
DA:48,0
DA:51,0
DA:52,0
DA:53,0
DA:54,0
DA:55,0
DA:56,0
DA:57,0
DA:58,0
DA:59,0
DA:64,0
DA:78,0
DA:79,0
DA:80,0
DA:81,0
DA:82,0
DA:83,0
DA:86,0
DA:87,0
DA:88,0
DA:89,0
DA:90,0
DA:91,0
DA:96,0
DA:104,0
DA:105,0
DA:106,0
DA:109,0
DA:110,0
DA:111,0
DA:116,0
DA:126,0
DA:127,0
DA:128,0
DA:129,0
DA:132,0
DA:133,0
DA:134,0
DA:135,0
LF:54
LH:1
end_of_record
SF:lib/features/auth/domain/repositories/user_repository.dart
DA:13,3
DA:15,0
DA:17,0
DA:18,0
DA:19,0
DA:21,0
DA:24,0
DA:26,0
LF:8
LH:1
end_of_record
SF:lib/features/auth/domain/usecases/user_usecases.dart
DA:12,3
DA:14,1
DA:16,2
DA:17,1
DA:18,1
DA:20,3
DA:21,1
DA:22,1
DA:23,1
DA:24,1
DA:25,1
DA:27,1
DA:28,1
DA:29,1
DA:31,1
DA:32,1
DA:33,1
DA:34,1
DA:36,1
DA:37,1
DA:38,1
DA:39,1
DA:40,1
DA:41,1
DA:43,1
DA:48,1
DA:50,2
DA:52,1
DA:53,1
DA:54,1
DA:55,1
DA:56,1
DA:57,1
DA:59,1
DA:60,1
DA:61,1
DA:63,1
DA:64,1
DA:65,1
DA:66,1
DA:68,1
DA:69,1
DA:70,1
DA:71,1
DA:72,1
DA:73,1
LF:46
LH:46
end_of_record
SF:lib/features/auth/data/datasources/user_api.dart
DA:14,3
DA:16,0
DA:19,0
DA:20,0
DA:21,0
DA:22,0
DA:23,0
DA:28,0
DA:32,0
DA:33,0
DA:37,0
DA:38,0
DA:43,0
LF:13
LH:1
end_of_record
SF:lib/shared/models/api_status.dart
DA:2,0
DA:9,0
LF:2
LH:0
end_of_record
SF:lib/features/auth/domain/models/user_model.dart
DA:2,2
DA:24,4
DA:40,4
DA:50,4
LF:4
LH:4
end_of_record
SF:lib/features/auth/presentation/bloc/user_state.dart
DA:6,0
DA:7,0
DA:11,1
DA:12,1
DA:18,1
DA:20,1
DA:21,2
DA:27,1
DA:28,2
DA:34,0
DA:36,0
DA:37,0
LF:12
LH:7
end_of_record
SF:lib/features/auth/presentation/bloc/user_event.dart
DA:6,0
DA:7,0
DA:11,0
DA:12,0
LF:4
LH:0
end_of_record
SF:lib/features/auth/presentation/bloc/user_bloc.dart
DA:12,1
DA:13,2
DA:14,2
DA:15,2
DA:16,2
DA:17,1
DA:18,2
DA:20,2
DA:24,2
DA:25,2
LF:10
LH:10
end_of_record
SF:lib/main.dart
DA:4,0
DA:5,0
DA:9,1
DA:11,0
DA:13,0
DA:16,0
DA:18,0
LF:7
LH:1
end_of_record
SF:lib/features/auth/presentation/pages/user_page.dart
DA:7,1
DA:9,0
DA:11,0
DA:12,0
DA:13,0
DA:14,0
DA:15,0
DA:16,0
DA:21,0
DA:25,0
DA:26,0
DA:27,0
DA:28,0
DA:30,0
DA:31,0
DA:34,0
DA:35,0
DA:36,0
DA:38,0
DA:40,0
DA:41,0
DA:45,0
DA:46,0
DA:55,0
DA:56,0
DA:57,0
DA:58,0
DA:59,0
DA:61,0
DA:65,0
DA:66,0
DA:68,0
DA:69,0
DA:70,0
DA:71,0
DA:73,0
DA:74,0
DA:75,0
LF:38
LH:1
end_of_record
